<?xml version="1.0" encoding="UTF-8"?>
<testng-results skipped="0" failed="0" ignored="0" total="1" passed="1">
  <reporter-output>
  </reporter-output>
  <suite name="Default suite" duration-ms="4172" started-at="2023-07-12T13:56:46 IST" finished-at="2023-07-12T13:56:50 IST">
    <groups>
    </groups>
    <test name="Default test" duration-ms="4172" started-at="2023-07-12T13:56:46 IST" finished-at="2023-07-12T13:56:50 IST">
      <class name="extentreports.e">
        <test-method status="PASS" signature="startTest()[pri:0, instance:extentreports.e@4abdb505]" name="startTest" is-config="true" duration-ms="137" started-at="2023-07-12T13:56:46 IST" finished-at="2023-07-12T13:56:46 IST">
          <reporter-output>
          </reporter-output>
        </test-method> <!-- startTest -->
        <test-method status="PASS" signature="extentReportsDemo()[pri:0, instance:extentreports.e@4abdb505]" name="extentReportsDemo" duration-ms="3768" started-at="2023-07-12T13:56:46 IST" finished-at="2023-07-12T13:56:50 IST">
          <reporter-output>
          </reporter-output>
        </test-method> <!-- extentReportsDemo -->
        <test-method status="PASS" signature="endTest()[pri:0, instance:extentreports.e@4abdb505]" name="endTest" is-config="true" duration-ms="225" started-at="2023-07-12T13:56:50 IST" finished-at="2023-07-12T13:56:50 IST">
          <reporter-output>
          </reporter-output>
        </test-method> <!-- endTest -->
      </class> <!-- extentreports.e -->
    </test> <!-- Default test -->
  </suite> <!-- Default suite -->
</testng-results>
